mode: set
github.com/lfkeitel/docker-registry-auth/acl.go:18.50,22.2 3 1
github.com/lfkeitel/docker-registry-auth/acl.go:24.41,25.16 1 1
github.com/lfkeitel/docker-registry-auth/acl.go:26.2,27.16 1 1
github.com/lfkeitel/docker-registry-auth/acl.go:28.2,29.16 1 1
github.com/lfkeitel/docker-registry-auth/acl.go:30.2,31.18 1 1
github.com/lfkeitel/docker-registry-auth/acl.go:32.2,33.19 1 1
github.com/lfkeitel/docker-registry-auth/acl.go:37.49,38.33 1 1
github.com/lfkeitel/docker-registry-auth/acl.go:38.33,40.3 1 1
github.com/lfkeitel/docker-registry-auth/acl.go:43.41,45.12 2 1
github.com/lfkeitel/docker-registry-auth/acl.go:48.2,48.12 1 1
github.com/lfkeitel/docker-registry-auth/acl.go:51.2,51.14 1 1
github.com/lfkeitel/docker-registry-auth/acl.go:54.2,54.15 1 1
github.com/lfkeitel/docker-registry-auth/acl.go:57.2,57.16 1 1
github.com/lfkeitel/docker-registry-auth/acl.go:45.12,47.3 1 1
github.com/lfkeitel/docker-registry-auth/acl.go:48.12,50.3 1 1
github.com/lfkeitel/docker-registry-auth/acl.go:51.14,53.3 1 1
github.com/lfkeitel/docker-registry-auth/acl.go:54.15,56.3 1 1
github.com/lfkeitel/docker-registry-auth/acl.go:60.60,67.2 1 1
github.com/lfkeitel/docker-registry-auth/acl.go:75.36,77.38 2 1
github.com/lfkeitel/docker-registry-auth/acl.go:81.2,83.21 2 1
github.com/lfkeitel/docker-registry-auth/acl.go:91.2,91.10 1 1
github.com/lfkeitel/docker-registry-auth/acl.go:77.38,79.3 1 1
github.com/lfkeitel/docker-registry-auth/acl.go:83.21,86.3 2 1
github.com/lfkeitel/docker-registry-auth/acl.go:86.3,89.3 2 1
github.com/lfkeitel/docker-registry-auth/acl.go:94.95,96.27 2 1
github.com/lfkeitel/docker-registry-auth/acl.go:102.2,102.20 1 1
github.com/lfkeitel/docker-registry-auth/acl.go:105.2,105.16 1 1
github.com/lfkeitel/docker-registry-auth/acl.go:96.27,97.38 1 1
github.com/lfkeitel/docker-registry-auth/acl.go:97.38,99.4 1 1
github.com/lfkeitel/docker-registry-auth/acl.go:102.20,104.3 1 1
github.com/lfkeitel/docker-registry-auth/acl.go:108.85,110.80 2 1
github.com/lfkeitel/docker-registry-auth/acl.go:114.2,114.27 1 1
github.com/lfkeitel/docker-registry-auth/acl.go:119.2,119.13 1 1
github.com/lfkeitel/docker-registry-auth/acl.go:110.80,112.3 1 1
github.com/lfkeitel/docker-registry-auth/acl.go:114.27,115.29 1 1
github.com/lfkeitel/docker-registry-auth/acl.go:115.29,117.4 1 1
github.com/lfkeitel/docker-registry-auth/acl.go:122.81,123.35 1 1
github.com/lfkeitel/docker-registry-auth/acl.go:131.2,133.27 3 1
github.com/lfkeitel/docker-registry-auth/acl.go:137.2,141.3 1 1
github.com/lfkeitel/docker-registry-auth/acl.go:123.35,129.3 1 1
github.com/lfkeitel/docker-registry-auth/acl.go:133.27,135.3 1 1
github.com/lfkeitel/docker-registry-auth/authenticate.go:38.50,39.14 1 0
github.com/lfkeitel/docker-registry-auth/authenticate.go:43.2,43.32 1 0
github.com/lfkeitel/docker-registry-auth/authenticate.go:47.2,47.33 1 0
github.com/lfkeitel/docker-registry-auth/authenticate.go:51.2,54.3 1 0
github.com/lfkeitel/docker-registry-auth/authenticate.go:39.14,41.3 1 0
github.com/lfkeitel/docker-registry-auth/authenticate.go:43.32,45.3 1 0
github.com/lfkeitel/docker-registry-auth/authenticate.go:47.33,49.3 1 0
github.com/lfkeitel/docker-registry-auth/authenticate.go:57.79,59.18 2 0
github.com/lfkeitel/docker-registry-auth/authenticate.go:63.2,64.21 2 0
github.com/lfkeitel/docker-registry-auth/authenticate.go:68.2,68.25 1 0
github.com/lfkeitel/docker-registry-auth/authenticate.go:72.2,73.16 2 0
github.com/lfkeitel/docker-registry-auth/authenticate.go:77.2,78.21 2 0
github.com/lfkeitel/docker-registry-auth/authenticate.go:82.2,84.27 3 0
github.com/lfkeitel/docker-registry-auth/authenticate.go:59.18,61.3 1 0
github.com/lfkeitel/docker-registry-auth/authenticate.go:64.21,66.3 1 0
github.com/lfkeitel/docker-registry-auth/authenticate.go:68.25,70.3 1 0
github.com/lfkeitel/docker-registry-auth/authenticate.go:73.16,75.3 1 0
github.com/lfkeitel/docker-registry-auth/authenticate.go:78.21,80.3 1 0
github.com/lfkeitel/docker-registry-auth/authenticate.go:87.86,90.16 3 0
github.com/lfkeitel/docker-registry-auth/authenticate.go:93.2,96.12 4 0
github.com/lfkeitel/docker-registry-auth/authenticate.go:90.16,92.3 1 0
github.com/lfkeitel/docker-registry-auth/authenticate.go:99.94,101.37 2 0
github.com/lfkeitel/docker-registry-auth/authenticate.go:105.2,108.17 2 0
github.com/lfkeitel/docker-registry-auth/authenticate.go:112.2,113.16 2 0
github.com/lfkeitel/docker-registry-auth/authenticate.go:118.2,118.27 1 0
github.com/lfkeitel/docker-registry-auth/authenticate.go:122.2,123.16 2 0
github.com/lfkeitel/docker-registry-auth/authenticate.go:126.2,126.9 1 0
github.com/lfkeitel/docker-registry-auth/authenticate.go:130.2,131.16 2 0
github.com/lfkeitel/docker-registry-auth/authenticate.go:135.2,137.32 2 0
github.com/lfkeitel/docker-registry-auth/authenticate.go:141.2,141.69 1 0
github.com/lfkeitel/docker-registry-auth/authenticate.go:101.37,103.3 1 0
github.com/lfkeitel/docker-registry-auth/authenticate.go:108.17,110.3 1 0
github.com/lfkeitel/docker-registry-auth/authenticate.go:113.16,115.3 1 0
github.com/lfkeitel/docker-registry-auth/authenticate.go:118.27,120.3 1 0
github.com/lfkeitel/docker-registry-auth/authenticate.go:123.16,125.3 1 0
github.com/lfkeitel/docker-registry-auth/authenticate.go:126.9,128.3 1 0
github.com/lfkeitel/docker-registry-auth/authenticate.go:131.16,133.3 1 0
github.com/lfkeitel/docker-registry-auth/authenticate.go:137.32,139.3 1 0
github.com/lfkeitel/docker-registry-auth/authenticate.go:148.72,150.16 2 0
github.com/lfkeitel/docker-registry-auth/authenticate.go:154.2,155.27 2 0
github.com/lfkeitel/docker-registry-auth/authenticate.go:159.2,161.8 1 0
github.com/lfkeitel/docker-registry-auth/authenticate.go:150.16,152.3 1 0
github.com/lfkeitel/docker-registry-auth/authenticate.go:155.27,157.3 1 0
github.com/lfkeitel/docker-registry-auth/authenticate.go:164.76,166.13 2 0
github.com/lfkeitel/docker-registry-auth/authenticate.go:170.2,170.75 1 0
github.com/lfkeitel/docker-registry-auth/authenticate.go:166.13,168.3 1 0
github.com/lfkeitel/docker-registry-auth/authenticate.go:173.91,174.16 1 0
github.com/lfkeitel/docker-registry-auth/authenticate.go:177.2,178.19 2 0
github.com/lfkeitel/docker-registry-auth/authenticate.go:174.16,176.3 1 0
github.com/lfkeitel/docker-registry-auth/authenticate.go:181.80,183.13 2 0
github.com/lfkeitel/docker-registry-auth/authenticate.go:187.2,187.27 1 0
github.com/lfkeitel/docker-registry-auth/authenticate.go:183.13,185.3 1 0
github.com/lfkeitel/docker-registry-auth/config.go:41.42,45.2 3 0
github.com/lfkeitel/docker-registry-auth/config.go:47.54,48.15 1 0
github.com/lfkeitel/docker-registry-auth/config.go:61.2,61.16 1 0
github.com/lfkeitel/docker-registry-auth/config.go:65.2,66.16 2 0
github.com/lfkeitel/docker-registry-auth/config.go:69.2,72.16 3 0
github.com/lfkeitel/docker-registry-auth/config.go:76.2,77.50 2 0
github.com/lfkeitel/docker-registry-auth/config.go:81.2,81.18 1 0
github.com/lfkeitel/docker-registry-auth/config.go:48.15,49.31 1 0
github.com/lfkeitel/docker-registry-auth/config.go:49.31,50.25 1 0
github.com/lfkeitel/docker-registry-auth/config.go:51.4,52.24 1 0
github.com/lfkeitel/docker-registry-auth/config.go:53.4,54.12 1 0
github.com/lfkeitel/docker-registry-auth/config.go:55.4,56.38 1 0
github.com/lfkeitel/docker-registry-auth/config.go:61.16,63.3 1 0
github.com/lfkeitel/docker-registry-auth/config.go:66.16,68.3 1 0
github.com/lfkeitel/docker-registry-auth/config.go:72.16,74.3 1 0
github.com/lfkeitel/docker-registry-auth/config.go:77.50,79.3 1 0
github.com/lfkeitel/docker-registry-auth/config.go:84.68,85.15 1 0
github.com/lfkeitel/docker-registry-auth/config.go:98.2,98.16 1 0
github.com/lfkeitel/docker-registry-auth/config.go:102.2,103.16 2 0
github.com/lfkeitel/docker-registry-auth/config.go:106.2,109.16 3 0
github.com/lfkeitel/docker-registry-auth/config.go:113.2,114.50 2 0
github.com/lfkeitel/docker-registry-auth/config.go:118.2,118.18 1 0
github.com/lfkeitel/docker-registry-auth/config.go:85.15,86.31 1 0
github.com/lfkeitel/docker-registry-auth/config.go:86.31,87.25 1 0
github.com/lfkeitel/docker-registry-auth/config.go:88.4,89.24 1 0
github.com/lfkeitel/docker-registry-auth/config.go:90.4,91.12 1 0
github.com/lfkeitel/docker-registry-auth/config.go:92.4,93.38 1 0
github.com/lfkeitel/docker-registry-auth/config.go:98.16,100.3 1 0
github.com/lfkeitel/docker-registry-auth/config.go:103.16,105.3 1 0
github.com/lfkeitel/docker-registry-auth/config.go:109.16,111.3 1 0
github.com/lfkeitel/docker-registry-auth/config.go:114.50,116.3 1 0
github.com/lfkeitel/docker-registry-auth/glob.go:39.40,42.66 3 1
github.com/lfkeitel/docker-registry-auth/glob.go:56.2,56.16 1 1
github.com/lfkeitel/docker-registry-auth/glob.go:62.2,62.20 1 1
github.com/lfkeitel/docker-registry-auth/glob.go:65.2,69.31 4 1
github.com/lfkeitel/docker-registry-auth/glob.go:86.2,86.59 1 1
github.com/lfkeitel/docker-registry-auth/glob.go:92.2,92.59 1 1
github.com/lfkeitel/docker-registry-auth/glob.go:95.2,98.3 1 1
github.com/lfkeitel/docker-registry-auth/glob.go:42.66,43.48 1 1
github.com/lfkeitel/docker-registry-auth/glob.go:50.3,50.27 1 1
github.com/lfkeitel/docker-registry-auth/glob.go:54.3,54.40 1 1
github.com/lfkeitel/docker-registry-auth/glob.go:43.48,44.22 1 1
github.com/lfkeitel/docker-registry-auth/glob.go:44.22,46.5 1 1
github.com/lfkeitel/docker-registry-auth/glob.go:46.5,48.5 1 1
github.com/lfkeitel/docker-registry-auth/glob.go:50.27,52.4 1 0
github.com/lfkeitel/docker-registry-auth/glob.go:56.16,61.3 1 1
github.com/lfkeitel/docker-registry-auth/glob.go:62.20,64.3 1 0
github.com/lfkeitel/docker-registry-auth/glob.go:69.31,70.19 1 1
github.com/lfkeitel/docker-registry-auth/glob.go:70.19,71.40 1 1
github.com/lfkeitel/docker-registry-auth/glob.go:71.40,74.5 2 1
github.com/lfkeitel/docker-registry-auth/glob.go:74.5,76.5 1 1
github.com/lfkeitel/docker-registry-auth/glob.go:77.4,79.105 2 1
github.com/lfkeitel/docker-registry-auth/glob.go:79.105,81.5 1 1
github.com/lfkeitel/docker-registry-auth/glob.go:81.5,83.5 1 1
github.com/lfkeitel/docker-registry-auth/glob.go:86.59,87.17 1 0
github.com/lfkeitel/docker-registry-auth/glob.go:90.3,90.22 1 0
github.com/lfkeitel/docker-registry-auth/glob.go:87.17,89.4 1 0
github.com/lfkeitel/docker-registry-auth/glob.go:92.59,94.3 1 0
github.com/lfkeitel/docker-registry-auth/glob.go:101.43,103.21 1 1
github.com/lfkeitel/docker-registry-auth/glob.go:107.2,108.21 2 1
github.com/lfkeitel/docker-registry-auth/glob.go:112.2,114.48 2 1
github.com/lfkeitel/docker-registry-auth/glob.go:118.2,118.35 1 1
github.com/lfkeitel/docker-registry-auth/glob.go:103.21,105.3 1 1
github.com/lfkeitel/docker-registry-auth/glob.go:108.21,110.3 1 1
github.com/lfkeitel/docker-registry-auth/glob.go:114.48,116.3 1 0
github.com/lfkeitel/docker-registry-auth/rsa.go:23.47,24.20 1 1
github.com/lfkeitel/docker-registry-auth/rsa.go:28.2,29.16 2 1
github.com/lfkeitel/docker-registry-auth/rsa.go:33.2,34.16 2 1
github.com/lfkeitel/docker-registry-auth/rsa.go:38.2,39.21 2 1
github.com/lfkeitel/docker-registry-auth/rsa.go:24.20,26.3 1 0
github.com/lfkeitel/docker-registry-auth/rsa.go:29.16,31.3 1 0
github.com/lfkeitel/docker-registry-auth/rsa.go:34.16,36.3 1 0
github.com/lfkeitel/docker-registry-auth/rsa.go:43.69,48.46 3 1
github.com/lfkeitel/docker-registry-auth/rsa.go:52.2,53.73 2 1
github.com/lfkeitel/docker-registry-auth/rsa.go:59.2,61.49 3 1
github.com/lfkeitel/docker-registry-auth/rsa.go:65.2,65.18 1 1
github.com/lfkeitel/docker-registry-auth/rsa.go:48.46,50.3 1 0
github.com/lfkeitel/docker-registry-auth/rsa.go:53.73,54.74 1 1
github.com/lfkeitel/docker-registry-auth/rsa.go:54.74,56.4 1 0
github.com/lfkeitel/docker-registry-auth/rsa.go:61.49,63.3 1 0
github.com/lfkeitel/docker-registry-auth/rsa.go:68.46,69.17 1 1
github.com/lfkeitel/docker-registry-auth/rsa.go:88.2,88.14 1 1
github.com/lfkeitel/docker-registry-auth/rsa.go:69.17,71.17 2 1
github.com/lfkeitel/docker-registry-auth/rsa.go:74.3,80.34 6 1
github.com/lfkeitel/docker-registry-auth/rsa.go:85.3,86.23 2 1
github.com/lfkeitel/docker-registry-auth/rsa.go:71.17,73.4 1 0
github.com/lfkeitel/docker-registry-auth/rsa.go:80.34,84.4 3 1
github.com/lfkeitel/docker-registry-auth/token.go:30.77,32.16 2 0
github.com/lfkeitel/docker-registry-auth/token.go:36.2,55.16 5 0
github.com/lfkeitel/docker-registry-auth/token.go:58.2,63.16 5 0
github.com/lfkeitel/docker-registry-auth/token.go:66.2,68.79 2 0
github.com/lfkeitel/docker-registry-auth/token.go:32.16,34.3 1 0
github.com/lfkeitel/docker-registry-auth/token.go:55.16,57.3 1 0
github.com/lfkeitel/docker-registry-auth/token.go:63.16,65.3 1 0
github.com/lfkeitel/docker-registry-auth/token.go:71.49,74.2 2 0
github.com/lfkeitel/docker-registry-auth/token.go:76.38,80.2 3 0
github.com/lfkeitel/docker-registry-auth/token.go:82.75,89.2 6 0
github.com/lfkeitel/docker-registry-auth/uuid.go:8.37,12.43 2 1
github.com/lfkeitel/docker-registry-auth/uuid.go:17.2,22.29 3 1
github.com/lfkeitel/docker-registry-auth/uuid.go:12.43,14.3 1 0
github.com/lfkeitel/docker-registry-auth/uuid.go:25.38,39.2 11 1
